<?xml version="1.0"?>
<elements>
    <element1>3</element1>
    <element2 attribute="value">
      3
    </element2>
    <element3>The time is 3</element3>
    <element4>Counting 
	0.1.2.3.4.5.6.7.8.9.
      </element4>

    <element5>
	
    <element><element1/></element><element><element1/></element><element><element1/></element></element5>

    <element6>
      
    <element xmlns:xsp="http://apache.org/xsp/core/v1">3</element></element6>

    <element7>
      
    <element xmlns:xsp="http://apache.org/xsp/core/v1">
	  
	<else/></element></element7>


    <element8>
	
    <element xmlns:xsp="http://apache.org/xsp/core/v1">
	  
	<element1/></element><element xmlns:xsp="http://apache.org/xsp/core/v1">
	  
	<element1/></element><element xmlns:xsp="http://apache.org/xsp/core/v1">
	  
	<element1/></element></element8>


    <element9>
	
    <element xmlns:xsp="http://apache.org/xsp/core/v1">
	    <element1>
	      <element2>
		
	      <element3/></element2>
	    </element1>
	</element><element xmlns:xsp="http://apache.org/xsp/core/v1">
	    <element1>
	      <element2>
		
	      <element3/></element2>
	    </element1>
	</element><element xmlns:xsp="http://apache.org/xsp/core/v1">
	    <element1>
	      <element2>
		
	      <element3/></element2>
	    </element1>
	</element></element9>


    <element10>Counting 
	
    <element xmlns:xsp="http://apache.org/xsp/core/v1">
	  
	<element1 xmlns:xsp="http://apache.org/xsp/core/v1">0</element1></element><element xmlns:xsp="http://apache.org/xsp/core/v1">
	  
	<element1 xmlns:xsp="http://apache.org/xsp/core/v1">1</element1></element><element xmlns:xsp="http://apache.org/xsp/core/v1">
	  
	<element1 xmlns:xsp="http://apache.org/xsp/core/v1">2</element1></element></element10>
    
    
    <element11>
      3
    </element11>

    <element12>
      3
    </element12>

    <element13>
      
    <element xmlns:xsp="http://apache.org/xsp/core/v1">
	    
	  <element1 xmlns:xsp="http://apache.org/xsp/core/v1">0</element1></element><element xmlns:xsp="http://apache.org/xsp/core/v1">
	    
	  <element1 xmlns:xsp="http://apache.org/xsp/core/v1">1</element1></element><element xmlns:xsp="http://apache.org/xsp/core/v1">
	    
	  <element1 xmlns:xsp="http://apache.org/xsp/core/v1">2</element1></element></element13>

    <element14>
      
    </element14>

  </elements>
